2024-10-10 12:19:26,022 [main] ERROR ca.jrvs.apps.stockquote.dao.QuoteDao - Error finding this symbol
2024-10-10 12:19:26,023 [main] ERROR ca.jrvs.apps.stockquote.dao.StockQuoteController - Error occurred while viewing stock information: Invalid symbol: MFST
java.lang.IllegalArgumentException: Invalid symbol: MFST
	at ca.jrvs.apps.stockquote.dao.QuoteHttpHelper.fetchQuoteInfo(QuoteHttpHelper.java:47)
	at ca.jrvs.apps.stockquote.dao.QuoteService.fetchQuoteDataFromAPI(QuoteService.java:32)
	at ca.jrvs.apps.stockquote.dao.StockQuoteController.viewStockInformation(StockQuoteController.java:92)
	at ca.jrvs.apps.stockquote.dao.StockQuoteController.initClient(StockQuoteController.java:42)
	at ca.jrvs.apps.stockquote.dao.Main.main(Main.java:67)
2024-10-10 12:21:02,740 [main] ERROR ca.jrvs.apps.stockquote.dao.QuoteDao - Error finding this symbol
2024-10-10 12:21:02,741 [main] ERROR ca.jrvs.apps.stockquote.dao.StockQuoteController - Error during stock purchase: Invalid symbol: MFST
java.lang.IllegalArgumentException: Invalid symbol: MFST
	at ca.jrvs.apps.stockquote.dao.QuoteHttpHelper.fetchQuoteInfo(QuoteHttpHelper.java:47)
	at ca.jrvs.apps.stockquote.dao.QuoteService.fetchQuoteDataFromAPI(QuoteService.java:32)
	at ca.jrvs.apps.stockquote.dao.PositionService.buy(PositionService.java:31)
	at ca.jrvs.apps.stockquote.dao.StockQuoteController.buyStock(StockQuoteController.java:167)
	at ca.jrvs.apps.stockquote.dao.StockQuoteController.initClient(StockQuoteController.java:45)
	at ca.jrvs.apps.stockquote.dao.Main.main(Main.java:67)
2024-10-10 12:22:21,989 [main] ERROR ca.jrvs.apps.stockquote.dao.QuoteDao - Error finding this symbol
2024-10-10 12:22:22,147 [main] ERROR ca.jrvs.apps.stockquote.dao.QuoteDao - Error finding this symbol
2024-10-10 12:22:22,259 [main] ERROR ca.jrvs.apps.stockquote.dao.QuoteDao - Error finding this symbol
2024-10-10 12:22:22,462 [main] ERROR ca.jrvs.apps.stockquote.dao.QuoteDao - Error deleting all quotes
org.postgresql.util.PSQLException: ERROR: update or delete on table "quote" violates foreign key constraint "symbol_fk" on table "position"
  Détail : Key (symbol)=(MSFT) is still referenced from table "position".
	at org.postgresql.core.v3.QueryExecutorImpl.receiveErrorResponse(QueryExecutorImpl.java:2440)
	at org.postgresql.core.v3.QueryExecutorImpl.processResults(QueryExecutorImpl.java:2183)
	at org.postgresql.core.v3.QueryExecutorImpl.execute(QueryExecutorImpl.java:308)
	at org.postgresql.jdbc.PgStatement.executeInternal(PgStatement.java:441)
	at org.postgresql.jdbc.PgStatement.execute(PgStatement.java:365)
	at org.postgresql.jdbc.PgPreparedStatement.executeWithFlags(PgPreparedStatement.java:143)
	at org.postgresql.jdbc.PgPreparedStatement.executeUpdate(PgPreparedStatement.java:120)
	at ca.jrvs.apps.stockquote.dao.QuoteDao.deleteAll(QuoteDao.java:129)
	at ca.jrvs.apps.stockquote.dao.QuoteDaoTest.testDeleteAllQuotes(QuoteDaoTest.java:75)
	at java.base/jdk.internal.reflect.DirectMethodHandleAccessor.invoke(DirectMethodHandleAccessor.java:103)
	at java.base/java.lang.reflect.Method.invoke(Method.java:580)
	at org.junit.runners.model.FrameworkMethod$1.runReflectiveCall(FrameworkMethod.java:50)
	at org.junit.internal.runners.model.ReflectiveCallable.run(ReflectiveCallable.java:12)
	at org.junit.runners.model.FrameworkMethod.invokeExplosively(FrameworkMethod.java:47)
	at org.junit.internal.runners.statements.InvokeMethod.evaluate(InvokeMethod.java:17)
	at org.junit.internal.runners.statements.RunBefores.evaluate(RunBefores.java:26)
	at org.junit.runners.ParentRunner.runLeaf(ParentRunner.java:325)
	at org.junit.runners.BlockJUnit4ClassRunner.runChild(BlockJUnit4ClassRunner.java:78)
	at org.junit.runners.BlockJUnit4ClassRunner.runChild(BlockJUnit4ClassRunner.java:57)
	at org.junit.runners.ParentRunner$3.run(ParentRunner.java:290)
	at org.junit.runners.ParentRunner$1.schedule(ParentRunner.java:71)
	at org.junit.runners.ParentRunner.runChildren(ParentRunner.java:288)
	at org.junit.runners.ParentRunner.access$000(ParentRunner.java:58)
	at org.junit.runners.ParentRunner$2.evaluate(ParentRunner.java:268)
	at org.junit.runners.ParentRunner.run(ParentRunner.java:363)
	at org.junit.runner.JUnitCore.run(JUnitCore.java:137)
	at org.junit.runner.JUnitCore.run(JUnitCore.java:115)
	at org.junit.vintage.engine.execution.RunnerExecutor.execute(RunnerExecutor.java:43)
	at java.base/java.util.stream.ForEachOps$ForEachOp$OfRef.accept(ForEachOps.java:184)
	at java.base/java.util.stream.ReferencePipeline$3$1.accept(ReferencePipeline.java:212)
	at java.base/java.util.Iterator.forEachRemaining(Iterator.java:133)
	at java.base/java.util.Spliterators$IteratorSpliterator.forEachRemaining(Spliterators.java:1939)
	at java.base/java.util.stream.AbstractPipeline.copyInto(AbstractPipeline.java:556)
	at java.base/java.util.stream.AbstractPipeline.wrapAndCopyInto(AbstractPipeline.java:546)
	at java.base/java.util.stream.ForEachOps$ForEachOp.evaluateSequential(ForEachOps.java:151)
	at java.base/java.util.stream.ForEachOps$ForEachOp$OfRef.evaluateSequential(ForEachOps.java:174)
	at java.base/java.util.stream.AbstractPipeline.evaluate(AbstractPipeline.java:265)
	at java.base/java.util.stream.ReferencePipeline.forEach(ReferencePipeline.java:611)
	at org.junit.vintage.engine.VintageTestEngine.executeAllChildren(VintageTestEngine.java:82)
	at org.junit.vintage.engine.VintageTestEngine.execute(VintageTestEngine.java:73)
	at org.junit.platform.launcher.core.EngineExecutionOrchestrator.execute(EngineExecutionOrchestrator.java:108)
	at org.junit.platform.launcher.core.EngineExecutionOrchestrator.execute(EngineExecutionOrchestrator.java:88)
	at org.junit.platform.launcher.core.EngineExecutionOrchestrator.lambda$execute$0(EngineExecutionOrchestrator.java:54)
	at org.junit.platform.launcher.core.EngineExecutionOrchestrator.withInterceptedStreams(EngineExecutionOrchestrator.java:67)
	at org.junit.platform.launcher.core.EngineExecutionOrchestrator.execute(EngineExecutionOrchestrator.java:52)
	at org.junit.platform.launcher.core.DefaultLauncher.execute(DefaultLauncher.java:96)
	at org.junit.platform.launcher.core.DefaultLauncher.execute(DefaultLauncher.java:75)
	at org.apache.maven.surefire.junitplatform.LazyLauncher.execute(LazyLauncher.java:56)
	at org.apache.maven.surefire.junitplatform.JUnitPlatformProvider.execute(JUnitPlatformProvider.java:184)
	at org.apache.maven.surefire.junitplatform.JUnitPlatformProvider.invokeAllTests(JUnitPlatformProvider.java:148)
	at org.apache.maven.surefire.junitplatform.JUnitPlatformProvider.invoke(JUnitPlatformProvider.java:122)
	at org.apache.maven.surefire.booter.ForkedBooter.runSuitesInProcess(ForkedBooter.java:385)
	at org.apache.maven.surefire.booter.ForkedBooter.execute(ForkedBooter.java:162)
	at org.apache.maven.surefire.booter.ForkedBooter.run(ForkedBooter.java:507)
	at org.apache.maven.surefire.booter.ForkedBooter.main(ForkedBooter.java:495)
2024-10-10 12:22:22,547 [main] ERROR ca.jrvs.apps.stockquote.dao.QuoteDao - Error deleting all quotes
org.postgresql.util.PSQLException: ERROR: update or delete on table "quote" violates foreign key constraint "symbol_fk" on table "position"
  Détail : Key (symbol)=(AAPL12) is still referenced from table "position".
	at org.postgresql.core.v3.QueryExecutorImpl.receiveErrorResponse(QueryExecutorImpl.java:2440)
	at org.postgresql.core.v3.QueryExecutorImpl.processResults(QueryExecutorImpl.java:2183)
	at org.postgresql.core.v3.QueryExecutorImpl.execute(QueryExecutorImpl.java:308)
	at org.postgresql.jdbc.PgStatement.executeInternal(PgStatement.java:441)
	at org.postgresql.jdbc.PgStatement.execute(PgStatement.java:365)
	at org.postgresql.jdbc.PgPreparedStatement.executeWithFlags(PgPreparedStatement.java:143)
	at org.postgresql.jdbc.PgPreparedStatement.executeUpdate(PgPreparedStatement.java:120)
	at ca.jrvs.apps.stockquote.dao.QuoteDao.deleteAll(QuoteDao.java:129)
	at ca.jrvs.apps.stockquote.dao.QuoteDao_IntTest.testDeleteAllQuotes(QuoteDao_IntTest.java:82)
	at java.base/jdk.internal.reflect.DirectMethodHandleAccessor.invoke(DirectMethodHandleAccessor.java:103)
	at java.base/java.lang.reflect.Method.invoke(Method.java:580)
	at org.junit.runners.model.FrameworkMethod$1.runReflectiveCall(FrameworkMethod.java:50)
	at org.junit.internal.runners.model.ReflectiveCallable.run(ReflectiveCallable.java:12)
	at org.junit.runners.model.FrameworkMethod.invokeExplosively(FrameworkMethod.java:47)
	at org.junit.internal.runners.statements.InvokeMethod.evaluate(InvokeMethod.java:17)
	at org.junit.internal.runners.statements.RunBefores.evaluate(RunBefores.java:26)
	at org.junit.runners.ParentRunner.runLeaf(ParentRunner.java:325)
	at org.junit.runners.BlockJUnit4ClassRunner.runChild(BlockJUnit4ClassRunner.java:78)
	at org.junit.runners.BlockJUnit4ClassRunner.runChild(BlockJUnit4ClassRunner.java:57)
	at org.junit.runners.ParentRunner$3.run(ParentRunner.java:290)
	at org.junit.runners.ParentRunner$1.schedule(ParentRunner.java:71)
	at org.junit.runners.ParentRunner.runChildren(ParentRunner.java:288)
	at org.junit.runners.ParentRunner.access$000(ParentRunner.java:58)
	at org.junit.runners.ParentRunner$2.evaluate(ParentRunner.java:268)
	at org.junit.runners.ParentRunner.run(ParentRunner.java:363)
	at org.junit.runner.JUnitCore.run(JUnitCore.java:137)
	at org.junit.runner.JUnitCore.run(JUnitCore.java:115)
	at org.junit.vintage.engine.execution.RunnerExecutor.execute(RunnerExecutor.java:43)
	at java.base/java.util.stream.ForEachOps$ForEachOp$OfRef.accept(ForEachOps.java:184)
	at java.base/java.util.stream.ReferencePipeline$3$1.accept(ReferencePipeline.java:212)
	at java.base/java.util.Iterator.forEachRemaining(Iterator.java:133)
	at java.base/java.util.Spliterators$IteratorSpliterator.forEachRemaining(Spliterators.java:1939)
	at java.base/java.util.stream.AbstractPipeline.copyInto(AbstractPipeline.java:556)
	at java.base/java.util.stream.AbstractPipeline.wrapAndCopyInto(AbstractPipeline.java:546)
	at java.base/java.util.stream.ForEachOps$ForEachOp.evaluateSequential(ForEachOps.java:151)
	at java.base/java.util.stream.ForEachOps$ForEachOp$OfRef.evaluateSequential(ForEachOps.java:174)
	at java.base/java.util.stream.AbstractPipeline.evaluate(AbstractPipeline.java:265)
	at java.base/java.util.stream.ReferencePipeline.forEach(ReferencePipeline.java:611)
	at org.junit.vintage.engine.VintageTestEngine.executeAllChildren(VintageTestEngine.java:82)
	at org.junit.vintage.engine.VintageTestEngine.execute(VintageTestEngine.java:73)
	at org.junit.platform.launcher.core.EngineExecutionOrchestrator.execute(EngineExecutionOrchestrator.java:108)
	at org.junit.platform.launcher.core.EngineExecutionOrchestrator.execute(EngineExecutionOrchestrator.java:88)
	at org.junit.platform.launcher.core.EngineExecutionOrchestrator.lambda$execute$0(EngineExecutionOrchestrator.java:54)
	at org.junit.platform.launcher.core.EngineExecutionOrchestrator.withInterceptedStreams(EngineExecutionOrchestrator.java:67)
	at org.junit.platform.launcher.core.EngineExecutionOrchestrator.execute(EngineExecutionOrchestrator.java:52)
	at org.junit.platform.launcher.core.DefaultLauncher.execute(DefaultLauncher.java:96)
	at org.junit.platform.launcher.core.DefaultLauncher.execute(DefaultLauncher.java:75)
	at org.apache.maven.surefire.junitplatform.LazyLauncher.execute(LazyLauncher.java:56)
	at org.apache.maven.surefire.junitplatform.JUnitPlatformProvider.execute(JUnitPlatformProvider.java:184)
	at org.apache.maven.surefire.junitplatform.JUnitPlatformProvider.invokeAllTests(JUnitPlatformProvider.java:148)
	at org.apache.maven.surefire.junitplatform.JUnitPlatformProvider.invoke(JUnitPlatformProvider.java:122)
	at org.apache.maven.surefire.booter.ForkedBooter.runSuitesInProcess(ForkedBooter.java:385)
	at org.apache.maven.surefire.booter.ForkedBooter.execute(ForkedBooter.java:162)
	at org.apache.maven.surefire.booter.ForkedBooter.run(ForkedBooter.java:507)
	at org.apache.maven.surefire.booter.ForkedBooter.main(ForkedBooter.java:495)
2024-10-10 12:23:38,464 [main] ERROR ca.jrvs.apps.stockquote.dao.QuoteDao - Error finding this symbol
2024-10-10 12:23:38,465 [main] ERROR ca.jrvs.apps.stockquote.dao.QuoteHttpHelper - Error finding position: java.lang.IllegalArgumentException: Invalid symbol: AAPL
2024-10-10 12:23:59,691 [main] ERROR ca.jrvs.apps.stockquote.dao.QuoteDao - Error finding this symbol
2024-10-10 12:23:59,692 [main] ERROR ca.jrvs.apps.stockquote.dao.QuoteHttpHelper - Error finding position: java.lang.IllegalArgumentException: Invalid symbol: AAPL
2024-10-10 12:24:08,286 [main] ERROR ca.jrvs.apps.stockquote.dao.QuoteDao - Error finding this symbol
2024-10-10 12:24:08,287 [main] ERROR ca.jrvs.apps.stockquote.dao.QuoteHttpHelper - Error finding position: java.lang.IllegalArgumentException: Invalid symbol: AAPL
2024-10-10 12:24:21,991 [main] ERROR ca.jrvs.apps.stockquote.dao.QuoteDao - Error finding this symbol
2024-10-10 12:24:48,407 [main] ERROR ca.jrvs.apps.stockquote.dao.QuoteDao - Error finding this symbol
2024-10-10 12:27:03,504 [main] ERROR ca.jrvs.apps.stockquote.dao.QuoteDao - Error finding this symbol
2024-10-10 12:27:10,073 [main] ERROR ca.jrvs.apps.stockquote.dao.QuoteDao - Error finding this symbol
2024-10-10 12:27:10,074 [main] ERROR ca.jrvs.apps.stockquote.dao.QuoteHttpHelper - Error finding position: java.lang.IllegalArgumentException: Invalid symbol: AAPL
2024-10-10 12:27:27,496 [main] ERROR ca.jrvs.apps.stockquote.dao.QuoteDao - Error finding this symbol
2024-10-10 12:27:27,497 [main] ERROR ca.jrvs.apps.stockquote.dao.QuoteHttpHelper - Error finding position: java.lang.IllegalArgumentException: Invalid symbol: MFST
2024-10-10 12:33:17,595 [main] ERROR ca.jrvs.apps.stockquote.dao.QuoteDao - Error finding this symbol
2024-10-10 12:33:17,597 [main] ERROR ca.jrvs.apps.stockquote.dao.StockQuoteController - Error occurred while viewing stock information: Invalid symbol: MFST
java.lang.IllegalArgumentException: Invalid symbol: MFST
	at ca.jrvs.apps.stockquote.dao.QuoteHttpHelper.fetchQuoteInfo(QuoteHttpHelper.java:47)
	at ca.jrvs.apps.stockquote.dao.QuoteService.fetchQuoteDataFromAPI(QuoteService.java:32)
	at ca.jrvs.apps.stockquote.dao.StockQuoteController.viewStockInformation(StockQuoteController.java:92)
	at ca.jrvs.apps.stockquote.dao.StockQuoteController.initClient(StockQuoteController.java:42)
	at ca.jrvs.apps.stockquote.dao.Main.main(Main.java:67)
2024-10-10 12:33:31,304 [main] ERROR ca.jrvs.apps.stockquote.dao.QuoteDao - Error finding this symbol
2024-10-10 12:33:31,305 [main] ERROR ca.jrvs.apps.stockquote.dao.StockQuoteController - Error occurred while viewing stock information: Invalid symbol: AAPL
java.lang.IllegalArgumentException: Invalid symbol: AAPL
	at ca.jrvs.apps.stockquote.dao.QuoteHttpHelper.fetchQuoteInfo(QuoteHttpHelper.java:47)
	at ca.jrvs.apps.stockquote.dao.QuoteService.fetchQuoteDataFromAPI(QuoteService.java:32)
	at ca.jrvs.apps.stockquote.dao.StockQuoteController.viewStockInformation(StockQuoteController.java:92)
	at ca.jrvs.apps.stockquote.dao.StockQuoteController.initClient(StockQuoteController.java:42)
	at ca.jrvs.apps.stockquote.dao.Main.main(Main.java:67)
2024-10-10 12:36:21,232 [main] ERROR ca.jrvs.apps.stockquote.dao.QuoteDao - Error finding this symbol
2024-10-10 12:36:21,234 [main] ERROR ca.jrvs.apps.stockquote.dao.StockQuoteController - Error occurred while viewing stock information: Invalid symbol: MSFT
java.lang.IllegalArgumentException: Invalid symbol: MSFT
	at ca.jrvs.apps.stockquote.dao.QuoteHttpHelper.fetchQuoteInfo(QuoteHttpHelper.java:47)
	at ca.jrvs.apps.stockquote.dao.QuoteService.fetchQuoteDataFromAPI(QuoteService.java:32)
	at ca.jrvs.apps.stockquote.dao.StockQuoteController.viewStockInformation(StockQuoteController.java:92)
	at ca.jrvs.apps.stockquote.dao.StockQuoteController.initClient(StockQuoteController.java:42)
	at ca.jrvs.apps.stockquote.dao.Main.main(Main.java:67)
2024-10-10 12:48:55,717 [main] ERROR ca.jrvs.apps.stockquote.dao.QuoteDao - Error finding this symbol
2024-10-10 12:48:55,718 [main] ERROR ca.jrvs.apps.stockquote.dao.StockQuoteController - Error occurred while viewing stock information: Invalid symbol: AAPL12
java.lang.IllegalArgumentException: Invalid symbol: AAPL12
	at ca.jrvs.apps.stockquote.dao.QuoteHttpHelper.fetchQuoteInfo(QuoteHttpHelper.java:47)
	at ca.jrvs.apps.stockquote.dao.QuoteService.fetchQuoteDataFromAPI(QuoteService.java:32)
	at ca.jrvs.apps.stockquote.dao.StockQuoteController.viewStockInformation(StockQuoteController.java:92)
	at ca.jrvs.apps.stockquote.dao.StockQuoteController.initClient(StockQuoteController.java:42)
	at ca.jrvs.apps.stockquote.dao.Main.main(Main.java:67)
2024-10-10 12:53:46,352 [main] ERROR ca.jrvs.apps.stockquote.dao.QuoteDao - Error finding this symbol
2024-10-10 12:53:46,353 [main] ERROR ca.jrvs.apps.stockquote.dao.StockQuoteController - Error occurred while viewing stock information: Invalid symbol: AAPL
java.lang.IllegalArgumentException: Invalid symbol: AAPL
	at ca.jrvs.apps.stockquote.dao.QuoteHttpHelper.fetchQuoteInfo(QuoteHttpHelper.java:47)
	at ca.jrvs.apps.stockquote.dao.QuoteService.fetchQuoteDataFromAPI(QuoteService.java:32)
	at ca.jrvs.apps.stockquote.dao.StockQuoteController.viewStockInformation(StockQuoteController.java:92)
	at ca.jrvs.apps.stockquote.dao.StockQuoteController.initClient(StockQuoteController.java:42)
	at ca.jrvs.apps.stockquote.dao.Main.main(Main.java:67)
2024-10-10 12:55:43,688 [main] ERROR ca.jrvs.apps.stockquote.dao.QuoteDao - Error finding this symbol
2024-10-10 12:55:43,689 [main] ERROR ca.jrvs.apps.stockquote.dao.QuoteHttpHelper - Error finding position: java.lang.IllegalArgumentException: Invalid symbol: MSFT
2024-10-10 12:56:41,249 [main] ERROR ca.jrvs.apps.stockquote.dao.QuoteDao - Error finding this symbol
2024-10-10 12:56:41,250 [main] ERROR ca.jrvs.apps.stockquote.dao.StockQuoteController - Error occurred while viewing stock information: Invalid symbol: AAPL12
java.lang.IllegalArgumentException: Invalid symbol: AAPL12
	at ca.jrvs.apps.stockquote.dao.QuoteHttpHelper.fetchQuoteInfo(QuoteHttpHelper.java:47)
	at ca.jrvs.apps.stockquote.dao.QuoteService.fetchQuoteDataFromAPI(QuoteService.java:32)
	at ca.jrvs.apps.stockquote.dao.StockQuoteController.viewStockInformation(StockQuoteController.java:92)
	at ca.jrvs.apps.stockquote.dao.StockQuoteController.initClient(StockQuoteController.java:42)
	at ca.jrvs.apps.stockquote.dao.Main.main(Main.java:67)
2024-10-10 13:00:39,045 [main] ERROR ca.jrvs.apps.stockquote.dao.QuoteDao - Error deleting all quotes
org.postgresql.util.PSQLException: ERROR: update or delete on table "quote" violates foreign key constraint "symbol_fk" on table "position"
  Détail : Key (symbol)=(AAPL12) is still referenced from table "position".
	at org.postgresql.core.v3.QueryExecutorImpl.receiveErrorResponse(QueryExecutorImpl.java:2440)
	at org.postgresql.core.v3.QueryExecutorImpl.processResults(QueryExecutorImpl.java:2183)
	at org.postgresql.core.v3.QueryExecutorImpl.execute(QueryExecutorImpl.java:308)
	at org.postgresql.jdbc.PgStatement.executeInternal(PgStatement.java:441)
	at org.postgresql.jdbc.PgStatement.execute(PgStatement.java:365)
	at org.postgresql.jdbc.PgPreparedStatement.executeWithFlags(PgPreparedStatement.java:143)
	at org.postgresql.jdbc.PgPreparedStatement.executeUpdate(PgPreparedStatement.java:120)
	at ca.jrvs.apps.stockquote.dao.QuoteDao.deleteAll(QuoteDao.java:129)
	at ca.jrvs.apps.stockquote.dao.QuoteDaoTest.testDeleteAllQuotes(QuoteDaoTest.java:75)
	at java.base/jdk.internal.reflect.DirectMethodHandleAccessor.invoke(DirectMethodHandleAccessor.java:103)
	at java.base/java.lang.reflect.Method.invoke(Method.java:580)
	at org.junit.runners.model.FrameworkMethod$1.runReflectiveCall(FrameworkMethod.java:50)
	at org.junit.internal.runners.model.ReflectiveCallable.run(ReflectiveCallable.java:12)
	at org.junit.runners.model.FrameworkMethod.invokeExplosively(FrameworkMethod.java:47)
	at org.junit.internal.runners.statements.InvokeMethod.evaluate(InvokeMethod.java:17)
	at org.junit.internal.runners.statements.RunBefores.evaluate(RunBefores.java:26)
	at org.junit.runners.ParentRunner.runLeaf(ParentRunner.java:325)
	at org.junit.runners.BlockJUnit4ClassRunner.runChild(BlockJUnit4ClassRunner.java:78)
	at org.junit.runners.BlockJUnit4ClassRunner.runChild(BlockJUnit4ClassRunner.java:57)
	at org.junit.runners.ParentRunner$3.run(ParentRunner.java:290)
	at org.junit.runners.ParentRunner$1.schedule(ParentRunner.java:71)
	at org.junit.runners.ParentRunner.runChildren(ParentRunner.java:288)
	at org.junit.runners.ParentRunner.access$000(ParentRunner.java:58)
	at org.junit.runners.ParentRunner$2.evaluate(ParentRunner.java:268)
	at org.junit.runners.ParentRunner.run(ParentRunner.java:363)
	at org.junit.runner.JUnitCore.run(JUnitCore.java:137)
	at com.intellij.junit4.JUnit4IdeaTestRunner.startRunnerWithArgs(JUnit4IdeaTestRunner.java:69)
	at com.intellij.rt.junit.IdeaTestRunner$Repeater$1.execute(IdeaTestRunner.java:38)
	at com.intellij.rt.execution.junit.TestsRepeater.repeat(TestsRepeater.java:11)
	at com.intellij.rt.junit.IdeaTestRunner$Repeater.startRunnerWithArgs(IdeaTestRunner.java:35)
	at com.intellij.rt.junit.JUnitStarter.prepareStreamsAndStart(JUnitStarter.java:232)
	at com.intellij.rt.junit.JUnitStarter.main(JUnitStarter.java:55)
2024-10-10 13:01:31,841 [main] ERROR ca.jrvs.apps.stockquote.dao.QuoteDao - Error deleting all quotes
org.postgresql.util.PSQLException: ERROR: update or delete on table "quote" violates foreign key constraint "symbol_fk" on table "position"
  Détail : Key (symbol)=(AAPL12) is still referenced from table "position".
	at org.postgresql.core.v3.QueryExecutorImpl.receiveErrorResponse(QueryExecutorImpl.java:2440)
	at org.postgresql.core.v3.QueryExecutorImpl.processResults(QueryExecutorImpl.java:2183)
	at org.postgresql.core.v3.QueryExecutorImpl.execute(QueryExecutorImpl.java:308)
	at org.postgresql.jdbc.PgStatement.executeInternal(PgStatement.java:441)
	at org.postgresql.jdbc.PgStatement.execute(PgStatement.java:365)
	at org.postgresql.jdbc.PgPreparedStatement.executeWithFlags(PgPreparedStatement.java:143)
	at org.postgresql.jdbc.PgPreparedStatement.executeUpdate(PgPreparedStatement.java:120)
	at ca.jrvs.apps.stockquote.dao.QuoteDao.deleteAll(QuoteDao.java:129)
	at ca.jrvs.apps.stockquote.dao.QuoteDao_IntTest.testDeleteAllQuotes(QuoteDao_IntTest.java:82)
	at java.base/jdk.internal.reflect.DirectMethodHandleAccessor.invoke(DirectMethodHandleAccessor.java:103)
	at java.base/java.lang.reflect.Method.invoke(Method.java:580)
	at org.junit.runners.model.FrameworkMethod$1.runReflectiveCall(FrameworkMethod.java:50)
	at org.junit.internal.runners.model.ReflectiveCallable.run(ReflectiveCallable.java:12)
	at org.junit.runners.model.FrameworkMethod.invokeExplosively(FrameworkMethod.java:47)
	at org.junit.internal.runners.statements.InvokeMethod.evaluate(InvokeMethod.java:17)
	at org.junit.internal.runners.statements.RunBefores.evaluate(RunBefores.java:26)
	at org.junit.runners.ParentRunner.runLeaf(ParentRunner.java:325)
	at org.junit.runners.BlockJUnit4ClassRunner.runChild(BlockJUnit4ClassRunner.java:78)
	at org.junit.runners.BlockJUnit4ClassRunner.runChild(BlockJUnit4ClassRunner.java:57)
	at org.junit.runners.ParentRunner$3.run(ParentRunner.java:290)
	at org.junit.runners.ParentRunner$1.schedule(ParentRunner.java:71)
	at org.junit.runners.ParentRunner.runChildren(ParentRunner.java:288)
	at org.junit.runners.ParentRunner.access$000(ParentRunner.java:58)
	at org.junit.runners.ParentRunner$2.evaluate(ParentRunner.java:268)
	at org.junit.runners.ParentRunner.run(ParentRunner.java:363)
	at org.junit.runner.JUnitCore.run(JUnitCore.java:137)
	at com.intellij.junit4.JUnit4IdeaTestRunner.startRunnerWithArgs(JUnit4IdeaTestRunner.java:69)
	at com.intellij.rt.junit.IdeaTestRunner$Repeater$1.execute(IdeaTestRunner.java:38)
	at com.intellij.rt.execution.junit.TestsRepeater.repeat(TestsRepeater.java:11)
	at com.intellij.rt.junit.IdeaTestRunner$Repeater.startRunnerWithArgs(IdeaTestRunner.java:35)
	at com.intellij.rt.junit.JUnitStarter.prepareStreamsAndStart(JUnitStarter.java:232)
	at com.intellij.rt.junit.JUnitStarter.main(JUnitStarter.java:55)
2024-10-10 13:02:37,155 [main] ERROR ca.jrvs.apps.stockquote.dao.QuoteDao - Error finding this symbol
2024-10-10 13:02:56,831 [main] ERROR ca.jrvs.apps.stockquote.dao.QuoteDao - Error finding this symbol
